2025-09-15 17:31:30 WARN: BurntToast модуль недоступен, используется fallback уведомления
2025-09-15 17:31:30 === Запуск мониторинга (порог 60 °C, интервал 20 c) ===
2025-09-15 17:31:30 INFO: GPU температура(ы) = 61, 71,3 °C; max=71.3 °C
2025-09-15 17:31:37 ALERT: GPU 71.3 °C >= 60 °C → fallback уведомление отправлено
2025-09-15 17:31:57 INFO: GPU температура(ы) = 61, 71,1 °C; max=71.1 °C
2025-09-15 17:32:17 INFO: GPU температура(ы) = 61, 70,9 °C; max=70.9 °C
2025-09-15 17:32:37 INFO: GPU температура(ы) = 61, 71 °C; max=71 °C
2025-09-15 17:34:03 WARN: BurntToast модуль недоступен, используется fallback уведомления
2025-09-15 17:34:03 === Запуск мониторинга (порог 60 °C, интервал 20 c) ===
2025-09-15 17:34:03 INFO: GPU температура(ы) = 61, 71,1 °C; max=71.1 °C
2025-09-15 17:34:03 ALERT: GPU 71.1 °C >= 60 °C
2025-09-15 17:34:23 INFO: GPU температура(ы) = 61, 70,9 °C; max=70.9 °C
2025-09-15 17:34:23 ALERT: GPU 70.9 °C >= 60 °C
2025-09-15 17:35:37 WARN: BurntToast модуль недоступен, используется fallback уведомления
2025-09-15 17:35:37 === Запуск мониторинга (порог 60 °C, интервал 20 c) ===
2025-09-15 17:35:37 INFO: GPU температура(ы) = 61, 71,3 °C; max=71.3 °C
2025-09-15 17:35:37 ALERT: GPU 71.3 °C >= 60 °C
2025-09-15 17:35:37 INFO: Следующее уведомление через 40 сек
2025-09-15 17:35:57 INFO: GPU температура(ы) = 61, 71,3 °C; max=71.3 °C
2025-09-15 17:36:17 INFO: GPU температура(ы) = 61, 71,2 °C; max=71.2 °C
2025-09-15 17:36:17 ALERT: GPU 71.2 °C >= 60 °C
2025-09-15 17:36:17 INFO: Следующее уведомление через 80 сек
2025-09-15 17:36:37 INFO: GPU температура(ы) = 61, 71,3 °C; max=71.3 °C
